e:\year 2\semester 2\git projects\collision-system\x64\debug\vc143.pdb
e:\year 2\semester 2\git projects\collision-system\x64\debug\vc143.idb
e:\year 2\semester 2\git projects\collision-system\x64\debug\sdlmanager.obj
e:\year 2\semester 2\git projects\collision-system\x64\debug\rigidbody.obj
e:\year 2\semester 2\git projects\collision-system\x64\debug\prop.obj
e:\year 2\semester 2\git projects\collision-system\x64\debug\polygoncollider.obj
e:\year 2\semester 2\git projects\collision-system\x64\debug\player.obj
e:\year 2\semester 2\git projects\collision-system\x64\debug\main.obj
e:\year 2\semester 2\git projects\collision-system\x64\debug\layouttilemap.obj
e:\year 2\semester 2\git projects\collision-system\x64\debug\inputmanager.obj
e:\year 2\semester 2\git projects\collision-system\x64\debug\groundtilemap.obj
e:\year 2\semester 2\git projects\collision-system\x64\debug\gameobject.obj
e:\year 2\semester 2\git projects\collision-system\x64\debug\game.obj
e:\year 2\semester 2\git projects\collision-system\x64\debug\engine.obj
e:\year 2\semester 2\git projects\collision-system\x64\debug\enemy.obj
e:\year 2\semester 2\git projects\collision-system\x64\debug\component.obj
e:\year 2\semester 2\git projects\collision-system\x64\debug\collisionmanager.obj
e:\year 2\semester 2\git projects\collision-system\x64\debug\collider.obj
e:\year 2\semester 2\git projects\collision-system\x64\debug\circlecollider.obj
e:\year 2\semester 2\git projects\collision-system\x64\debug\character.obj
e:\year 2\semester 2\git projects\collision-system\x64\debug\boxcollider.obj
e:\year 2\semester 2\git projects\collision-system\x64\debug\assetmanager.obj
e:\year 2\semester 2\git projects\collision-system\x64\debug\vector2.obj
e:\year 2\semester 2\git projects\collision-system\x64\debug\transform.obj
e:\year 2\semester 2\git projects\collision-system\x64\debug\timemanager.obj
e:\year 2\semester 2\git projects\collision-system\x64\debug\tilemap.obj
e:\year 2\semester 2\git projects\collision-system\x64\debug\spriterenderer.obj
e:\year 2\semester 2\git projects\collision-system\x64\debug\collsionvisualiser.obj
e:\year 2\semester 2\git projects\collision-system\x64\debug\collisionresolver.obj
e:\year 2\semester 2\git projects\collision-system\x64\debug\color.obj
e:\year 2\semester 2\git projects\collision-system\x64\debug\wall.obj
e:\year 2\semester 2\git projects\collision-system\x64\debug\collision-system.exe
e:\year 2\semester 2\git projects\collision-system\x64\debug\collision-system.ilk
e:\year 2\semester 2\git projects\collision-system\x64\debug\collision-system.pdb
e:\year 2\semester 2\git projects\collision-system\x64\debug\animatedimage.obj
e:\year 2\semester 2\git projects\collision-system\x64\debug\animationcontrolledvfxeffect.obj
e:\year 2\semester 2\git projects\collision-system\x64\debug\animator.obj
e:\year 2\semester 2\git projects\collision-system\x64\debug\audiomanager.obj
e:\year 2\semester 2\git projects\collision-system\x64\debug\bullet.obj
e:\year 2\semester 2\git projects\collision-system\x64\debug\button.obj
e:\year 2\semester 2\git projects\collision-system\x64\debug\camera.obj
e:\year 2\semester 2\git projects\collision-system\x64\debug\canvas.obj
e:\year 2\semester 2\git projects\collision-system\x64\debug\collectable.obj
e:\year 2\semester 2\git projects\collision-system\x64\debug\dialogmanager.obj
e:\year 2\semester 2\git projects\collision-system\x64\debug\gascylinder.obj
e:\year 2\semester 2\git projects\collision-system\x64\debug\healthcomponent.obj
e:\year 2\semester 2\git projects\collision-system\x64\debug\healthkit.obj
e:\year 2\semester 2\git projects\collision-system\x64\debug\image.obj
e:\year 2\semester 2\git projects\collision-system\x64\debug\money.obj
e:\year 2\semester 2\git projects\collision-system\x64\debug\slider.obj
e:\year 2\semester 2\git projects\collision-system\x64\debug\text.obj
e:\year 2\semester 2\git projects\collision-system\x64\debug\timeddelayvfxeffect.obj
e:\year 2\semester 2\git projects\collision-system\x64\debug\togglebutton.obj
e:\year 2\semester 2\git projects\collision-system\x64\debug\uimanager.obj
e:\year 2\semester 2\git projects\collision-system\x64\debug\uiobject.obj
e:\year 2\semester 2\git projects\collision-system\x64\debug\sdl game.ilk
e:\year 2\semester 2\git projects\collision-system\x64\debug\sdl-game-colllision.ilk
e:\year 2\semester 2\git projects\collision-system\x64\debug\sdl game.pdb
e:\year 2\semester 2\git projects\collision-system\x64\debug\sdl-game-colllision.pdb
e:\year 2\semester 2\git projects\collision-system\x64\debug\collision-system.tlog\cl.command.1.tlog
e:\year 2\semester 2\git projects\collision-system\x64\debug\collision-system.tlog\cl.read.1.tlog
e:\year 2\semester 2\git projects\collision-system\x64\debug\collision-system.tlog\cl.write.1.tlog
e:\year 2\semester 2\git projects\collision-system\x64\debug\collision-system.tlog\link-cvtres.read.1.tlog
e:\year 2\semester 2\git projects\collision-system\x64\debug\collision-system.tlog\link-cvtres.write.1.tlog
e:\year 2\semester 2\git projects\collision-system\x64\debug\collision-system.tlog\link-rc.read.1.tlog
e:\year 2\semester 2\git projects\collision-system\x64\debug\collision-system.tlog\link-rc.write.1.tlog
e:\year 2\semester 2\git projects\collision-system\x64\debug\collision-system.tlog\link.33388-cvtres.read.1.tlog
e:\year 2\semester 2\git projects\collision-system\x64\debug\collision-system.tlog\link.33388-cvtres.write.1.tlog
e:\year 2\semester 2\git projects\collision-system\x64\debug\collision-system.tlog\link.33388-rc.read.1.tlog
e:\year 2\semester 2\git projects\collision-system\x64\debug\collision-system.tlog\link.33388-rc.write.1.tlog
e:\year 2\semester 2\git projects\collision-system\x64\debug\collision-system.tlog\link.33388.read.1.tlog
e:\year 2\semester 2\git projects\collision-system\x64\debug\collision-system.tlog\link.33388.read.2.tlog
e:\year 2\semester 2\git projects\collision-system\x64\debug\collision-system.tlog\link.33388.write.1.tlog
e:\year 2\semester 2\git projects\collision-system\x64\debug\collision-system.tlog\link.command.1.tlog
e:\year 2\semester 2\git projects\collision-system\x64\debug\collision-system.tlog\link.read.1.tlog
e:\year 2\semester 2\git projects\collision-system\x64\debug\collision-system.tlog\link.read.2.tlog
e:\year 2\semester 2\git projects\collision-system\x64\debug\collision-system.tlog\link.read.3.tlog
e:\year 2\semester 2\git projects\collision-system\x64\debug\collision-system.tlog\link.write.1.tlog
